<?xml version="1.0" encoding="UTF-8"?>
<testsuite xmlns:xsi="http://www.w3.org/2001/XMLSchema-instance" xsi:noNamespaceSchemaLocation="https://maven.apache.org/surefire/maven-surefire-plugin/xsd/surefire-test-report.xsd" name="com.app.service.impl.test.MyServiceImplTest" time="0.03" tests="2" errors="0" skipped="0" failures="2">
  <properties>
[...]
</properties>
  <testcase name="testIsValidMobileNumber" classname="com.app.service.impl.test.MyServiceImplTest" time="0.023">
    <failure message="Not yet implemented" type="org.opentest4j.AssertionFailedError">org.opentest4j.AssertionFailedError: Not yet implemented
	at com.app.service.impl.test.MyServiceImplTest.testIsValidMobileNumber(MyServiceImplTest.java:16)
</failure>
  </testcase>
  <testcase name="testIsValidPrimeNumber" classname="com.app.service.impl.test.MyServiceImplTest" time="0">
    <failure message="Not yet implemented" type="org.opentest4j.AssertionFailedError">org.opentest4j.AssertionFailedError: Not yet implemented
	at com.app.service.impl.test.MyServiceImplTest.testIsValidPrimeNumber(MyServiceImplTest.java:11)
</failure>
  </testcase>
</testsuite>